# JRE version: Java(TM) SE Runtime Environment (8.0_05-b13) (build 1.8.0_05-b13)
# Java VM: Java HotSpot(TM) 64-Bit Server VM (25.5-b02 mixed mode windows-amd64 compressed oops)
Heap:
 PSYoungGen      total 8704K, used 825K [0x00000000eab00000, 0x00000000eb580000, 0x0000000100000000)
  eden space 6656K, 3% used [0x00000000eab00000,0x00000000eab3d228,0x00000000eb180000)
  from space 2048K, 28% used [0x00000000eb380000,0x00000000eb411340,0x00000000eb580000)
  to   space 2048K, 0% used [0x00000000eb180000,0x00000000eb180000,0x00000000eb380000)
 ParOldGen       total 64000K, used 5510K [0x00000000c0000000, 0x00000000c3e80000, 0x00000000eab00000)
  object space 64000K, 8% used [0x00000000c0000000,0x00000000c0561998,0x00000000c3e80000)
 Metaspace       used 15738K, capacity 15976K, committed 16128K, reserved 1062912K
  class space    used 2167K, capacity 2252K, committed 2304K, reserved 1048576K
GC Heap History (10 events):
Event: 14.730 GC heap before
{Heap before GC invocations=15 (full 0):
 PSYoungGen      total 8192K, used 7712K [0x00000000eab00000, 0x00000000eb480000, 0x0000000100000000)
  eden space 6656K, 100% used [0x00000000eab00000,0x00000000eb180000,0x00000000eb180000)
  from space 1536K, 68% used [0x00000000eb300000,0x00000000eb408000,0x00000000eb480000)
  to   space 1536K, 0% used [0x00000000eb180000,0x00000000eb180000,0x00000000eb300000)
 ParOldGen       total 64000K, used 2508K [0x00000000c0000000, 0x00000000c3e80000, 0x00000000eab00000)
  object space 64000K, 3% used [0x00000000c0000000,0x00000000c0273278,0x00000000c3e80000)
 Metaspace       used 10062K, capacity 10312K, committed 10496K, reserved 1058816K
  class space    used 1386K, capacity 1452K, committed 1536K, reserved 1048576K
Event: 14.787 GC heap after
Heap after GC invocations=15 (full 0):
 PSYoungGen      total 8192K, used 814K [0x00000000eab00000, 0x00000000eb480000, 0x0000000100000000)
  eden space 6656K, 0% used [0x00000000eab00000,0x00000000eab00000,0x00000000eb180000)
  from space 1536K, 53% used [0x00000000eb180000,0x00000000eb24bb20,0x00000000eb300000)
  to   space 1536K, 0% used [0x00000000eb300000,0x00000000eb300000,0x00000000eb480000)
 ParOldGen       total 64000K, used 3113K [0x00000000c0000000, 0x00000000c3e80000, 0x00000000eab00000)
  object space 64000K, 4% used [0x00000000c0000000,0x00000000c030a710,0x00000000c3e80000)
 Metaspace       used 10062K, capacity 10312K, committed 10496K, reserved 1058816K
  class space    used 1386K, capacity 1452K, committed 1536K, reserved 1048576K
}
Event: 16.808 GC heap before
{Heap before GC invocations=16 (full 0):
 PSYoungGen      total 8192K, used 7470K [0x00000000eab00000, 0x00000000eb480000, 0x0000000100000000)
  eden space 6656K, 100% used [0x00000000eab00000,0x00000000eb180000,0x00000000eb180000)
  from space 1536K, 53% used [0x00000000eb180000,0x00000000eb24bb20,0x00000000eb300000)
  to   space 1536K, 0% used [0x00000000eb300000,0x00000000eb300000,0x00000000eb480000)
 ParOldGen       total 64000K, used 3113K [0x00000000c0000000, 0x00000000c3e80000, 0x00000000eab00000)
  object space 64000K, 4% used [0x00000000c0000000,0x00000000c030a710,0x00000000c3e80000)
 Metaspace       used 10819K, capacity 11112K, committed 11392K, reserved 1058816K
  class space    used 1504K, capacity 1612K, committed 1664K, reserved 1048576K
Event: 16.818 GC heap after
Heap after GC invocations=16 (full 0):
 PSYoungGen      total 8192K, used 887K [0x00000000eab00000, 0x00000000eb480000, 0x0000000100000000)
  eden space 6656K, 0% used [0x00000000eab00000,0x00000000eab00000,0x00000000eb180000)
  from space 1536K, 57% used [0x00000000eb300000,0x00000000eb3ddd20,0x00000000eb480000)
  to   space 1536K, 0% used [0x00000000eb180000,0x00000000eb180000,0x00000000eb300000)
 ParOldGen       total 64000K, used 3297K [0x00000000c0000000, 0x00000000c3e80000, 0x00000000eab00000)
  object space 64000K, 5% used [0x00000000c0000000,0x00000000c0338710,0x00000000c3e80000)
 Metaspace       used 10819K, capacity 11112K, committed 11392K, reserved 1058816K
  class space    used 1504K, capacity 1612K, committed 1664K, reserved 1048576K
}
Event: 22.732 GC heap before
{Heap before GC invocations=17 (full 0):
 PSYoungGen      total 8192K, used 7492K [0x00000000eab00000, 0x00000000eb480000, 0x0000000100000000)
  eden space 6656K, 99% used [0x00000000eab00000,0x00000000eb173568,0x00000000eb180000)
  from space 1536K, 57% used [0x00000000eb300000,0x00000000eb3ddd20,0x00000000eb480000)
  to   space 1536K, 0% used [0x00000000eb180000,0x00000000eb180000,0x00000000eb300000)
 ParOldGen       total 64000K, used 3297K [0x00000000c0000000, 0x00000000c3e80000, 0x00000000eab00000)
  object space 64000K, 5% used [0x00000000c0000000,0x00000000c0338710,0x00000000c3e80000)
 Metaspace       used 11793K, capacity 12072K, committed 12288K, reserved 1060864K
  class space    used 1650K, capacity 1740K, committed 1792K, reserved 1048576K
Event: 22.747 GC heap after
Heap after GC invocations=17 (full 0):
 PSYoungGen      total 8192K, used 1531K [0x00000000eab00000, 0x00000000eb580000, 0x0000000100000000)
  eden space 6656K, 0% used [0x00000000eab00000,0x00000000eab00000,0x00000000eb180000)
  from space 1536K, 99% used [0x00000000eb180000,0x00000000eb2fee08,0x00000000eb300000)
  to   space 2048K, 0% used [0x00000000eb380000,0x00000000eb380000,0x00000000eb580000)
 ParOldGen       total 64000K, used 3516K [0x00000000c0000000, 0x00000000c3e80000, 0x00000000eab00000)
  object space 64000K, 5% used [0x00000000c0000000,0x00000000c036f128,0x00000000c3e80000)
 Metaspace       used 11793K, capacity 12072K, committed 12288K, reserved 1060864K
  class space    used 1650K, capacity 1740K, committed 1792K, reserved 1048576K
}
Event: 29.145 GC heap before
{Heap before GC invocations=18 (full 0):
 PSYoungGen      total 8192K, used 8187K [0x00000000eab00000, 0x00000000eb580000, 0x0000000100000000)
  eden space 6656K, 100% used [0x00000000eab00000,0x00000000eb180000,0x00000000eb180000)
  from space 1536K, 99% used [0x00000000eb180000,0x00000000eb2fee08,0x00000000eb300000)
  to   space 2048K, 0% used [0x00000000eb380000,0x00000000eb380000,0x00000000eb580000)
 ParOldGen       total 64000K, used 3516K [0x00000000c0000000, 0x00000000c3e80000, 0x00000000eab00000)
  object space 64000K, 5% used [0x00000000c0000000,0x00000000c036f128,0x00000000c3e80000)
 Metaspace       used 14473K, capacity 14760K, committed 14976K, reserved 1062912K
  class space    used 1950K, capacity 2060K, committed 2176K, reserved 1048576K
Event: 29.168 GC heap after
Heap after GC invocations=18 (full 0):
 PSYoungGen      total 8704K, used 1613K [0x00000000eab00000, 0x00000000eb580000, 0x0000000100000000)
  eden space 6656K, 0% used [0x00000000eab00000,0x00000000eab00000,0x00000000eb180000)
  from space 2048K, 78% used [0x00000000eb380000,0x00000000eb513620,0x00000000eb580000)
  to   space 2048K, 0% used [0x00000000eb180000,0x00000000eb180000,0x00000000eb380000)
 ParOldGen       total 64000K, used 4300K [0x00000000c0000000, 0x00000000c3e80000, 0x00000000eab00000)
  object space 64000K, 6% used [0x00000000c0000000,0x00000000c0433168,0x00000000c3e80000)
 Metaspace       used 14473K, capacity 14760K, committed 14976K, reserved 1062912K
  class space    used 1950K, capacity 2060K, committed 2176K, reserved 1048576K
}
Event: 30.768 GC heap before
{Heap before GC invocations=19 (full 0):
 PSYoungGen      total 8704K, used 8269K [0x00000000eab00000, 0x00000000eb580000, 0x0000000100000000)
  eden space 6656K, 100% used [0x00000000eab00000,0x00000000eb180000,0x00000000eb180000)
  from space 2048K, 78% used [0x00000000eb380000,0x00000000eb513620,0x00000000eb580000)
  to   space 2048K, 0% used [0x00000000eb180000,0x00000000eb180000,0x00000000eb380000)
 ParOldGen       total 64000K, used 4300K [0x00000000c0000000, 0x00000000c3e80000, 0x00000000eab00000)
  object space 64000K, 6% used [0x00000000c0000000,0x00000000c0433168,0x00000000c3e80000)
 Metaspace       used 15220K, capacity 15496K, committed 15744K, reserved 1062912K
  class space    used 2075K, capacity 2156K, committed 2176K, reserved 1048576K
Event: 30.776 GC heap after
Heap after GC invocations=19 (full 0):
 PSYoungGen      total 8704K, used 1112K [0x00000000eab00000, 0x00000000eb580000, 0x0000000100000000)
  eden space 6656K, 0% used [0x00000000eab00000,0x00000000eab00000,0x00000000eb180000)
  from space 2048K, 54% used [0x00000000eb180000,0x00000000eb2963e0,0x00000000eb380000)
  to   space 2048K, 0% used [0x00000000eb380000,0x00000000eb380000,0x00000000eb580000)
 ParOldGen       total 64000K, used 5190K [0x00000000c0000000, 0x00000000c3e80000, 0x00000000eab00000)
  object space 64000K, 8% used [0x00000000c0000000,0x00000000c0511978,0x00000000c3e80000)
 Metaspace       used 15220K, capacity 15496K, committed 15744K, reserved 1062912K
  class space    used 2075K, capacity 2156K, committed 2176K, reserved 1048576K
}

